<?xml version="1.0" encoding="UTF-8"?>
<testsuite xmlns:xsi="http://www.w3.org/2001/XMLSchema-instance" xsi:noNamespaceSchemaLocation="https://maven.apache.org/surefire/maven-surefire-plugin/xsd/surefire-test-report-3.0.xsd" version="3.0" name="com.javaperf.gcdemo.GcdemoApplicationTests" time="1.416" tests="1" errors="0" skipped="0" failures="0">
  <properties>
    <property name="java.specification.version" value="23"/>
    <property name="sun.jnu.encoding" value="UTF-8"/>
    <property name="java.class.path" value="/Users/vishalendupandey/projects/java-cursor/gcdemo/target/test-classes:/Users/vishalendupandey/projects/java-cursor/gcdemo/target/classes:/Users/vishalendupandey/.m2/repository/org/springframework/boot/spring-boot-starter-web/3.3.8-SNAPSHOT/spring-boot-starter-web-3.3.8-SNAPSHOT.jar:/Users/vishalendupandey/.m2/repository/org/springframework/boot/spring-boot-starter/3.3.8-SNAPSHOT/spring-boot-starter-3.3.8-SNAPSHOT.jar:/Users/vishalendupandey/.m2/repository/org/springframework/boot/spring-boot/3.3.8-SNAPSHOT/spring-boot-3.3.8-SNAPSHOT.jar:/Users/vishalendupandey/.m2/repository/org/springframework/boot/spring-boot-autoconfigure/3.3.8-SNAPSHOT/spring-boot-autoconfigure-3.3.8-SNAPSHOT.jar:/Users/vishalendupandey/.m2/repository/org/springframework/boot/spring-boot-starter-logging/3.3.8-SNAPSHOT/spring-boot-starter-logging-3.3.8-SNAPSHOT.jar:/Users/vishalendupandey/.m2/repository/ch/qos/logback/logback-classic/1.5.12/logback-classic-1.5.12.jar:/Users/vishalendupandey/.m2/repository/ch/qos/logback/logback-core/1.5.12/logback-core-1.5.12.jar:/Users/vishalendupandey/.m2/repository/org/apache/logging/log4j/log4j-to-slf4j/2.23.1/log4j-to-slf4j-2.23.1.jar:/Users/vishalendupandey/.m2/repository/org/apache/logging/log4j/log4j-api/2.23.1/log4j-api-2.23.1.jar:/Users/vishalendupandey/.m2/repository/org/slf4j/jul-to-slf4j/2.0.16/jul-to-slf4j-2.0.16.jar:/Users/vishalendupandey/.m2/repository/jakarta/annotation/jakarta.annotation-api/2.1.1/jakarta.annotation-api-2.1.1.jar:/Users/vishalendupandey/.m2/repository/org/yaml/snakeyaml/2.2/snakeyaml-2.2.jar:/Users/vishalendupandey/.m2/repository/org/springframework/boot/spring-boot-starter-json/3.3.8-SNAPSHOT/spring-boot-starter-json-3.3.8-SNAPSHOT.jar:/Users/vishalendupandey/.m2/repository/com/fasterxml/jackson/core/jackson-databind/2.17.3/jackson-databind-2.17.3.jar:/Users/vishalendupandey/.m2/repository/com/fasterxml/jackson/core/jackson-annotations/2.17.3/jackson-annotations-2.17.3.jar:/Users/vishalendupandey/.m2/repository/com/fasterxml/jackson/core/jackson-core/2.17.3/jackson-core-2.17.3.jar:/Users/vishalendupandey/.m2/repository/com/fasterxml/jackson/datatype/jackson-datatype-jdk8/2.17.3/jackson-datatype-jdk8-2.17.3.jar:/Users/vishalendupandey/.m2/repository/com/fasterxml/jackson/datatype/jackson-datatype-jsr310/2.17.3/jackson-datatype-jsr310-2.17.3.jar:/Users/vishalendupandey/.m2/repository/com/fasterxml/jackson/module/jackson-module-parameter-names/2.17.3/jackson-module-parameter-names-2.17.3.jar:/Users/vishalendupandey/.m2/repository/org/springframework/boot/spring-boot-starter-tomcat/3.3.8-SNAPSHOT/spring-boot-starter-tomcat-3.3.8-SNAPSHOT.jar:/Users/vishalendupandey/.m2/repository/org/apache/tomcat/embed/tomcat-embed-core/10.1.34/tomcat-embed-core-10.1.34.jar:/Users/vishalendupandey/.m2/repository/org/apache/tomcat/embed/tomcat-embed-el/10.1.34/tomcat-embed-el-10.1.34.jar:/Users/vishalendupandey/.m2/repository/org/apache/tomcat/embed/tomcat-embed-websocket/10.1.34/tomcat-embed-websocket-10.1.34.jar:/Users/vishalendupandey/.m2/repository/org/springframework/spring-web/6.1.16/spring-web-6.1.16.jar:/Users/vishalendupandey/.m2/repository/org/springframework/spring-beans/6.1.16/spring-beans-6.1.16.jar:/Users/vishalendupandey/.m2/repository/org/springframework/spring-webmvc/6.1.16/spring-webmvc-6.1.16.jar:/Users/vishalendupandey/.m2/repository/org/springframework/spring-aop/6.1.16/spring-aop-6.1.16.jar:/Users/vishalendupandey/.m2/repository/org/springframework/spring-context/6.1.16/spring-context-6.1.16.jar:/Users/vishalendupandey/.m2/repository/org/springframework/spring-expression/6.1.16/spring-expression-6.1.16.jar:/Users/vishalendupandey/.m2/repository/org/springframework/boot/spring-boot-starter-test/3.3.8-SNAPSHOT/spring-boot-starter-test-3.3.8-SNAPSHOT.jar:/Users/vishalendupandey/.m2/repository/org/springframework/boot/spring-boot-test/3.3.8-SNAPSHOT/spring-boot-test-3.3.8-SNAPSHOT.jar:/Users/vishalendupandey/.m2/repository/org/springframework/boot/spring-boot-test-autoconfigure/3.3.8-SNAPSHOT/spring-boot-test-autoconfigure-3.3.8-SNAPSHOT.jar:/Users/vishalendupandey/.m2/repository/com/jayway/jsonpath/json-path/2.9.0/json-path-2.9.0.jar:/Users/vishalendupandey/.m2/repository/org/slf4j/slf4j-api/2.0.16/slf4j-api-2.0.16.jar:/Users/vishalendupandey/.m2/repository/jakarta/xml/bind/jakarta.xml.bind-api/4.0.2/jakarta.xml.bind-api-4.0.2.jar:/Users/vishalendupandey/.m2/repository/jakarta/activation/jakarta.activation-api/2.1.3/jakarta.activation-api-2.1.3.jar:/Users/vishalendupandey/.m2/repository/net/minidev/json-smart/2.5.1/json-smart-2.5.1.jar:/Users/vishalendupandey/.m2/repository/net/minidev/accessors-smart/2.5.1/accessors-smart-2.5.1.jar:/Users/vishalendupandey/.m2/repository/org/ow2/asm/asm/9.6/asm-9.6.jar:/Users/vishalendupandey/.m2/repository/org/assertj/assertj-core/3.25.3/assertj-core-3.25.3.jar:/Users/vishalendupandey/.m2/repository/net/bytebuddy/byte-buddy/1.14.19/byte-buddy-1.14.19.jar:/Users/vishalendupandey/.m2/repository/org/awaitility/awaitility/4.2.2/awaitility-4.2.2.jar:/Users/vishalendupandey/.m2/repository/org/hamcrest/hamcrest/2.2/hamcrest-2.2.jar:/Users/vishalendupandey/.m2/repository/org/junit/jupiter/junit-jupiter/5.10.5/junit-jupiter-5.10.5.jar:/Users/vishalendupandey/.m2/repository/org/junit/jupiter/junit-jupiter-api/5.10.5/junit-jupiter-api-5.10.5.jar:/Users/vishalendupandey/.m2/repository/org/opentest4j/opentest4j/1.3.0/opentest4j-1.3.0.jar:/Users/vishalendupandey/.m2/repository/org/junit/platform/junit-platform-commons/1.10.5/junit-platform-commons-1.10.5.jar:/Users/vishalendupandey/.m2/repository/org/apiguardian/apiguardian-api/1.1.2/apiguardian-api-1.1.2.jar:/Users/vishalendupandey/.m2/repository/org/junit/jupiter/junit-jupiter-params/5.10.5/junit-jupiter-params-5.10.5.jar:/Users/vishalendupandey/.m2/repository/org/junit/jupiter/junit-jupiter-engine/5.10.5/junit-jupiter-engine-5.10.5.jar:/Users/vishalendupandey/.m2/repository/org/junit/platform/junit-platform-engine/1.10.5/junit-platform-engine-1.10.5.jar:/Users/vishalendupandey/.m2/repository/org/mockito/mockito-core/5.11.0/mockito-core-5.11.0.jar:/Users/vishalendupandey/.m2/repository/net/bytebuddy/byte-buddy-agent/1.14.19/byte-buddy-agent-1.14.19.jar:/Users/vishalendupandey/.m2/repository/org/objenesis/objenesis/3.3/objenesis-3.3.jar:/Users/vishalendupandey/.m2/repository/org/mockito/mockito-junit-jupiter/5.11.0/mockito-junit-jupiter-5.11.0.jar:/Users/vishalendupandey/.m2/repository/org/skyscreamer/jsonassert/1.5.3/jsonassert-1.5.3.jar:/Users/vishalendupandey/.m2/repository/com/vaadin/external/google/android-json/0.0.20131108.vaadin1/android-json-0.0.20131108.vaadin1.jar:/Users/vishalendupandey/.m2/repository/org/springframework/spring-core/6.1.16/spring-core-6.1.16.jar:/Users/vishalendupandey/.m2/repository/org/springframework/spring-jcl/6.1.16/spring-jcl-6.1.16.jar:/Users/vishalendupandey/.m2/repository/org/springframework/spring-test/6.1.16/spring-test-6.1.16.jar:/Users/vishalendupandey/.m2/repository/org/xmlunit/xmlunit-core/2.9.1/xmlunit-core-2.9.1.jar:/Users/vishalendupandey/.m2/repository/org/springframework/boot/spring-boot-starter-actuator/3.3.8-SNAPSHOT/spring-boot-starter-actuator-3.3.8-SNAPSHOT.jar:/Users/vishalendupandey/.m2/repository/org/springframework/boot/spring-boot-actuator-autoconfigure/3.3.8-SNAPSHOT/spring-boot-actuator-autoconfigure-3.3.8-SNAPSHOT.jar:/Users/vishalendupandey/.m2/repository/org/springframework/boot/spring-boot-actuator/3.3.8-SNAPSHOT/spring-boot-actuator-3.3.8-SNAPSHOT.jar:/Users/vishalendupandey/.m2/repository/io/micrometer/micrometer-observation/1.13.9/micrometer-observation-1.13.9.jar:/Users/vishalendupandey/.m2/repository/io/micrometer/micrometer-commons/1.13.9/micrometer-commons-1.13.9.jar:/Users/vishalendupandey/.m2/repository/io/micrometer/micrometer-jakarta9/1.13.9/micrometer-jakarta9-1.13.9.jar:/Users/vishalendupandey/.m2/repository/io/micrometer/micrometer-registry-prometheus/1.13.9/micrometer-registry-prometheus-1.13.9.jar:/Users/vishalendupandey/.m2/repository/io/micrometer/micrometer-core/1.13.9/micrometer-core-1.13.9.jar:/Users/vishalendupandey/.m2/repository/org/hdrhistogram/HdrHistogram/2.2.2/HdrHistogram-2.2.2.jar:/Users/vishalendupandey/.m2/repository/org/latencyutils/LatencyUtils/2.0.3/LatencyUtils-2.0.3.jar:/Users/vishalendupandey/.m2/repository/io/prometheus/prometheus-metrics-core/1.2.1/prometheus-metrics-core-1.2.1.jar:/Users/vishalendupandey/.m2/repository/io/prometheus/prometheus-metrics-model/1.2.1/prometheus-metrics-model-1.2.1.jar:/Users/vishalendupandey/.m2/repository/io/prometheus/prometheus-metrics-config/1.2.1/prometheus-metrics-config-1.2.1.jar:/Users/vishalendupandey/.m2/repository/io/prometheus/prometheus-metrics-tracer-common/1.2.1/prometheus-metrics-tracer-common-1.2.1.jar:/Users/vishalendupandey/.m2/repository/io/prometheus/prometheus-metrics-exposition-formats/1.2.1/prometheus-metrics-exposition-formats-1.2.1.jar:/Users/vishalendupandey/.m2/repository/io/prometheus/prometheus-metrics-shaded-protobuf/1.2.1/prometheus-metrics-shaded-protobuf-1.2.1.jar:"/>
    <property name="java.vm.vendor" value="Homebrew"/>
    <property name="sun.arch.data.model" value="64"/>
    <property name="java.vendor.url" value="https://github.com/Homebrew/homebrew-core/issues"/>
    <property name="user.timezone" value="Asia/Kolkata"/>
    <property name="os.name" value="Mac OS X"/>
    <property name="java.vm.specification.version" value="23"/>
    <property name="sun.java.launcher" value="SUN_STANDARD"/>
    <property name="user.country" value="US"/>
    <property name="sun.boot.library.path" value="/opt/homebrew/Cellar/openjdk/23.0.1/libexec/openjdk.jdk/Contents/Home/lib"/>
    <property name="sun.java.command" value="/Users/vishalendupandey/projects/java-cursor/gcdemo/target/surefire/surefirebooter-20241220225931182_3.jar /Users/vishalendupandey/projects/java-cursor/gcdemo/target/surefire 2024-12-20T22-59-31_091-jvmRun1 surefire-20241220225931182_1tmp surefire_0-20241220225931182_2tmp"/>
    <property name="http.nonProxyHosts" value="local|*.local|169.254/16|*.169.254/16"/>
    <property name="jdk.debug" value="release"/>
    <property name="surefire.test.class.path" value="/Users/vishalendupandey/projects/java-cursor/gcdemo/target/test-classes:/Users/vishalendupandey/projects/java-cursor/gcdemo/target/classes:/Users/vishalendupandey/.m2/repository/org/springframework/boot/spring-boot-starter-web/3.3.8-SNAPSHOT/spring-boot-starter-web-3.3.8-SNAPSHOT.jar:/Users/vishalendupandey/.m2/repository/org/springframework/boot/spring-boot-starter/3.3.8-SNAPSHOT/spring-boot-starter-3.3.8-SNAPSHOT.jar:/Users/vishalendupandey/.m2/repository/org/springframework/boot/spring-boot/3.3.8-SNAPSHOT/spring-boot-3.3.8-SNAPSHOT.jar:/Users/vishalendupandey/.m2/repository/org/springframework/boot/spring-boot-autoconfigure/3.3.8-SNAPSHOT/spring-boot-autoconfigure-3.3.8-SNAPSHOT.jar:/Users/vishalendupandey/.m2/repository/org/springframework/boot/spring-boot-starter-logging/3.3.8-SNAPSHOT/spring-boot-starter-logging-3.3.8-SNAPSHOT.jar:/Users/vishalendupandey/.m2/repository/ch/qos/logback/logback-classic/1.5.12/logback-classic-1.5.12.jar:/Users/vishalendupandey/.m2/repository/ch/qos/logback/logback-core/1.5.12/logback-core-1.5.12.jar:/Users/vishalendupandey/.m2/repository/org/apache/logging/log4j/log4j-to-slf4j/2.23.1/log4j-to-slf4j-2.23.1.jar:/Users/vishalendupandey/.m2/repository/org/apache/logging/log4j/log4j-api/2.23.1/log4j-api-2.23.1.jar:/Users/vishalendupandey/.m2/repository/org/slf4j/jul-to-slf4j/2.0.16/jul-to-slf4j-2.0.16.jar:/Users/vishalendupandey/.m2/repository/jakarta/annotation/jakarta.annotation-api/2.1.1/jakarta.annotation-api-2.1.1.jar:/Users/vishalendupandey/.m2/repository/org/yaml/snakeyaml/2.2/snakeyaml-2.2.jar:/Users/vishalendupandey/.m2/repository/org/springframework/boot/spring-boot-starter-json/3.3.8-SNAPSHOT/spring-boot-starter-json-3.3.8-SNAPSHOT.jar:/Users/vishalendupandey/.m2/repository/com/fasterxml/jackson/core/jackson-databind/2.17.3/jackson-databind-2.17.3.jar:/Users/vishalendupandey/.m2/repository/com/fasterxml/jackson/core/jackson-annotations/2.17.3/jackson-annotations-2.17.3.jar:/Users/vishalendupandey/.m2/repository/com/fasterxml/jackson/core/jackson-core/2.17.3/jackson-core-2.17.3.jar:/Users/vishalendupandey/.m2/repository/com/fasterxml/jackson/datatype/jackson-datatype-jdk8/2.17.3/jackson-datatype-jdk8-2.17.3.jar:/Users/vishalendupandey/.m2/repository/com/fasterxml/jackson/datatype/jackson-datatype-jsr310/2.17.3/jackson-datatype-jsr310-2.17.3.jar:/Users/vishalendupandey/.m2/repository/com/fasterxml/jackson/module/jackson-module-parameter-names/2.17.3/jackson-module-parameter-names-2.17.3.jar:/Users/vishalendupandey/.m2/repository/org/springframework/boot/spring-boot-starter-tomcat/3.3.8-SNAPSHOT/spring-boot-starter-tomcat-3.3.8-SNAPSHOT.jar:/Users/vishalendupandey/.m2/repository/org/apache/tomcat/embed/tomcat-embed-core/10.1.34/tomcat-embed-core-10.1.34.jar:/Users/vishalendupandey/.m2/repository/org/apache/tomcat/embed/tomcat-embed-el/10.1.34/tomcat-embed-el-10.1.34.jar:/Users/vishalendupandey/.m2/repository/org/apache/tomcat/embed/tomcat-embed-websocket/10.1.34/tomcat-embed-websocket-10.1.34.jar:/Users/vishalendupandey/.m2/repository/org/springframework/spring-web/6.1.16/spring-web-6.1.16.jar:/Users/vishalendupandey/.m2/repository/org/springframework/spring-beans/6.1.16/spring-beans-6.1.16.jar:/Users/vishalendupandey/.m2/repository/org/springframework/spring-webmvc/6.1.16/spring-webmvc-6.1.16.jar:/Users/vishalendupandey/.m2/repository/org/springframework/spring-aop/6.1.16/spring-aop-6.1.16.jar:/Users/vishalendupandey/.m2/repository/org/springframework/spring-context/6.1.16/spring-context-6.1.16.jar:/Users/vishalendupandey/.m2/repository/org/springframework/spring-expression/6.1.16/spring-expression-6.1.16.jar:/Users/vishalendupandey/.m2/repository/org/springframework/boot/spring-boot-starter-test/3.3.8-SNAPSHOT/spring-boot-starter-test-3.3.8-SNAPSHOT.jar:/Users/vishalendupandey/.m2/repository/org/springframework/boot/spring-boot-test/3.3.8-SNAPSHOT/spring-boot-test-3.3.8-SNAPSHOT.jar:/Users/vishalendupandey/.m2/repository/org/springframework/boot/spring-boot-test-autoconfigure/3.3.8-SNAPSHOT/spring-boot-test-autoconfigure-3.3.8-SNAPSHOT.jar:/Users/vishalendupandey/.m2/repository/com/jayway/jsonpath/json-path/2.9.0/json-path-2.9.0.jar:/Users/vishalendupandey/.m2/repository/org/slf4j/slf4j-api/2.0.16/slf4j-api-2.0.16.jar:/Users/vishalendupandey/.m2/repository/jakarta/xml/bind/jakarta.xml.bind-api/4.0.2/jakarta.xml.bind-api-4.0.2.jar:/Users/vishalendupandey/.m2/repository/jakarta/activation/jakarta.activation-api/2.1.3/jakarta.activation-api-2.1.3.jar:/Users/vishalendupandey/.m2/repository/net/minidev/json-smart/2.5.1/json-smart-2.5.1.jar:/Users/vishalendupandey/.m2/repository/net/minidev/accessors-smart/2.5.1/accessors-smart-2.5.1.jar:/Users/vishalendupandey/.m2/repository/org/ow2/asm/asm/9.6/asm-9.6.jar:/Users/vishalendupandey/.m2/repository/org/assertj/assertj-core/3.25.3/assertj-core-3.25.3.jar:/Users/vishalendupandey/.m2/repository/net/bytebuddy/byte-buddy/1.14.19/byte-buddy-1.14.19.jar:/Users/vishalendupandey/.m2/repository/org/awaitility/awaitility/4.2.2/awaitility-4.2.2.jar:/Users/vishalendupandey/.m2/repository/org/hamcrest/hamcrest/2.2/hamcrest-2.2.jar:/Users/vishalendupandey/.m2/repository/org/junit/jupiter/junit-jupiter/5.10.5/junit-jupiter-5.10.5.jar:/Users/vishalendupandey/.m2/repository/org/junit/jupiter/junit-jupiter-api/5.10.5/junit-jupiter-api-5.10.5.jar:/Users/vishalendupandey/.m2/repository/org/opentest4j/opentest4j/1.3.0/opentest4j-1.3.0.jar:/Users/vishalendupandey/.m2/repository/org/junit/platform/junit-platform-commons/1.10.5/junit-platform-commons-1.10.5.jar:/Users/vishalendupandey/.m2/repository/org/apiguardian/apiguardian-api/1.1.2/apiguardian-api-1.1.2.jar:/Users/vishalendupandey/.m2/repository/org/junit/jupiter/junit-jupiter-params/5.10.5/junit-jupiter-params-5.10.5.jar:/Users/vishalendupandey/.m2/repository/org/junit/jupiter/junit-jupiter-engine/5.10.5/junit-jupiter-engine-5.10.5.jar:/Users/vishalendupandey/.m2/repository/org/junit/platform/junit-platform-engine/1.10.5/junit-platform-engine-1.10.5.jar:/Users/vishalendupandey/.m2/repository/org/mockito/mockito-core/5.11.0/mockito-core-5.11.0.jar:/Users/vishalendupandey/.m2/repository/net/bytebuddy/byte-buddy-agent/1.14.19/byte-buddy-agent-1.14.19.jar:/Users/vishalendupandey/.m2/repository/org/objenesis/objenesis/3.3/objenesis-3.3.jar:/Users/vishalendupandey/.m2/repository/org/mockito/mockito-junit-jupiter/5.11.0/mockito-junit-jupiter-5.11.0.jar:/Users/vishalendupandey/.m2/repository/org/skyscreamer/jsonassert/1.5.3/jsonassert-1.5.3.jar:/Users/vishalendupandey/.m2/repository/com/vaadin/external/google/android-json/0.0.20131108.vaadin1/android-json-0.0.20131108.vaadin1.jar:/Users/vishalendupandey/.m2/repository/org/springframework/spring-core/6.1.16/spring-core-6.1.16.jar:/Users/vishalendupandey/.m2/repository/org/springframework/spring-jcl/6.1.16/spring-jcl-6.1.16.jar:/Users/vishalendupandey/.m2/repository/org/springframework/spring-test/6.1.16/spring-test-6.1.16.jar:/Users/vishalendupandey/.m2/repository/org/xmlunit/xmlunit-core/2.9.1/xmlunit-core-2.9.1.jar:/Users/vishalendupandey/.m2/repository/org/springframework/boot/spring-boot-starter-actuator/3.3.8-SNAPSHOT/spring-boot-starter-actuator-3.3.8-SNAPSHOT.jar:/Users/vishalendupandey/.m2/repository/org/springframework/boot/spring-boot-actuator-autoconfigure/3.3.8-SNAPSHOT/spring-boot-actuator-autoconfigure-3.3.8-SNAPSHOT.jar:/Users/vishalendupandey/.m2/repository/org/springframework/boot/spring-boot-actuator/3.3.8-SNAPSHOT/spring-boot-actuator-3.3.8-SNAPSHOT.jar:/Users/vishalendupandey/.m2/repository/io/micrometer/micrometer-observation/1.13.9/micrometer-observation-1.13.9.jar:/Users/vishalendupandey/.m2/repository/io/micrometer/micrometer-commons/1.13.9/micrometer-commons-1.13.9.jar:/Users/vishalendupandey/.m2/repository/io/micrometer/micrometer-jakarta9/1.13.9/micrometer-jakarta9-1.13.9.jar:/Users/vishalendupandey/.m2/repository/io/micrometer/micrometer-registry-prometheus/1.13.9/micrometer-registry-prometheus-1.13.9.jar:/Users/vishalendupandey/.m2/repository/io/micrometer/micrometer-core/1.13.9/micrometer-core-1.13.9.jar:/Users/vishalendupandey/.m2/repository/org/hdrhistogram/HdrHistogram/2.2.2/HdrHistogram-2.2.2.jar:/Users/vishalendupandey/.m2/repository/org/latencyutils/LatencyUtils/2.0.3/LatencyUtils-2.0.3.jar:/Users/vishalendupandey/.m2/repository/io/prometheus/prometheus-metrics-core/1.2.1/prometheus-metrics-core-1.2.1.jar:/Users/vishalendupandey/.m2/repository/io/prometheus/prometheus-metrics-model/1.2.1/prometheus-metrics-model-1.2.1.jar:/Users/vishalendupandey/.m2/repository/io/prometheus/prometheus-metrics-config/1.2.1/prometheus-metrics-config-1.2.1.jar:/Users/vishalendupandey/.m2/repository/io/prometheus/prometheus-metrics-tracer-common/1.2.1/prometheus-metrics-tracer-common-1.2.1.jar:/Users/vishalendupandey/.m2/repository/io/prometheus/prometheus-metrics-exposition-formats/1.2.1/prometheus-metrics-exposition-formats-1.2.1.jar:/Users/vishalendupandey/.m2/repository/io/prometheus/prometheus-metrics-shaded-protobuf/1.2.1/prometheus-metrics-shaded-protobuf-1.2.1.jar:"/>
    <property name="sun.cpu.endian" value="little"/>
    <property name="user.home" value="/Users/vishalendupandey"/>
    <property name="user.language" value="en"/>
    <property name="java.specification.vendor" value="Oracle Corporation"/>
    <property name="java.version.date" value="2024-10-15"/>
    <property name="java.home" value="/opt/homebrew/Cellar/openjdk/23.0.1/libexec/openjdk.jdk/Contents/Home"/>
    <property name="file.separator" value="/"/>
    <property name="basedir" value="/Users/vishalendupandey/projects/java-cursor/gcdemo"/>
    <property name="java.vm.compressedOopsMode" value="Zero based"/>
    <property name="line.separator" value="&#10;"/>
    <property name="java.vm.specification.vendor" value="Oracle Corporation"/>
    <property name="java.specification.name" value="Java Platform API Specification"/>
    <property name="FILE_LOG_CHARSET" value="UTF-8"/>
    <property name="java.awt.headless" value="true"/>
    <property name="apple.awt.application.name" value="ForkedBooter"/>
    <property name="surefire.real.class.path" value="/Users/vishalendupandey/projects/java-cursor/gcdemo/target/surefire/surefirebooter-20241220225931182_3.jar"/>
    <property name="sun.management.compiler" value="HotSpot 64-Bit Tiered Compilers"/>
    <property name="ftp.nonProxyHosts" value="local|*.local|169.254/16|*.169.254/16"/>
    <property name="java.runtime.version" value="23.0.1"/>
    <property name="user.name" value="vishalendupandey"/>
    <property name="stdout.encoding" value="UTF-8"/>
    <property name="path.separator" value=":"/>
    <property name="os.version" value="15.2"/>
    <property name="java.runtime.name" value="OpenJDK Runtime Environment"/>
    <property name="file.encoding" value="UTF-8"/>
    <property name="java.vm.name" value="OpenJDK 64-Bit Server VM"/>
    <property name="java.vendor.version" value="Homebrew"/>
    <property name="localRepository" value="/Users/vishalendupandey/.m2/repository"/>
    <property name="java.vendor.url.bug" value="https://github.com/Homebrew/homebrew-core/issues"/>
    <property name="java.io.tmpdir" value="/var/folders/8_/g1qlw08x0vj6dpbcwtq80tjc0000gn/T/"/>
    <property name="java.version" value="23.0.1"/>
    <property name="user.dir" value="/Users/vishalendupandey/projects/java-cursor/gcdemo"/>
    <property name="os.arch" value="aarch64"/>
    <property name="java.vm.specification.name" value="Java Virtual Machine Specification"/>
    <property name="PID" value="1592"/>
    <property name="CONSOLE_LOG_CHARSET" value="UTF-8"/>
    <property name="native.encoding" value="UTF-8"/>
    <property name="java.library.path" value="/Users/vishalendupandey/Library/Java/Extensions:/Library/Java/Extensions:/Network/Library/Java/Extensions:/System/Library/Java/Extensions:/usr/lib/java:."/>
    <property name="java.vm.info" value="mixed mode, sharing"/>
    <property name="stderr.encoding" value="UTF-8"/>
    <property name="java.vendor" value="Homebrew"/>
    <property name="java.vm.version" value="23.0.1"/>
    <property name="sun.io.unicode.encoding" value="UnicodeBig"/>
    <property name="socksNonProxyHosts" value="local|*.local|169.254/16|*.169.254/16"/>
    <property name="java.class.version" value="67.0"/>
    <property name="LOGGED_APPLICATION_NAME" value="[gcdemo] "/>
  </properties>
  <testcase name="contextLoads" classname="com.javaperf.gcdemo.GcdemoApplicationTests" time="0.423">
    <system-out><![CDATA[22:59:31.557 [main] INFO org.springframework.test.context.support.AnnotationConfigContextLoaderUtils -- Could not detect default configuration classes for test class [com.javaperf.gcdemo.GcdemoApplicationTests]: GcdemoApplicationTests does not declare any static, non-private, non-final, nested classes annotated with @Configuration.
22:59:31.608 [main] INFO org.springframework.boot.test.context.SpringBootTestContextBootstrapper -- Found @SpringBootConfiguration com.javaperf.gcdemo.GcTestApplication for test class com.javaperf.gcdemo.GcdemoApplicationTests

  .   ____          _            __ _ _
 /\\ / ___'_ __ _ _(_)_ __  __ _ \ \ \ \
( ( )\___ | '_ | '_| | '_ \/ _` | \ \ \ \
 \\/  ___)| |_)| | | | | || (_| |  ) ) ) )
  '  |____| .__|_| |_|_| |_\__, | / / / /
 =========|_|==============|___/=/_/_/_/

 :: Spring Boot ::       (v3.3.8-SNAPSHOT)

2024-12-20T22:59:31.759+05:30  INFO 1592 --- [gcdemo] [           main] c.j.gcdemo.GcdemoApplicationTests        : Starting GcdemoApplicationTests using Java 23.0.1 with PID 1592 (started by vishalendupandey in /Users/vishalendupandey/projects/java-cursor/gcdemo)
2024-12-20T22:59:31.760+05:30  INFO 1592 --- [gcdemo] [           main] c.j.gcdemo.GcdemoApplicationTests        : No active profile set, falling back to 1 default profile: "default"
2024-12-20T22:59:32.387+05:30  INFO 1592 --- [gcdemo] [           main] o.s.b.a.e.web.EndpointLinksResolver      : Exposing 2 endpoints beneath base path '/actuator'
2024-12-20T22:59:32.416+05:30  INFO 1592 --- [gcdemo] [           main] c.j.gcdemo.GcdemoApplicationTests        : Started GcdemoApplicationTests in 0.75 seconds (process running for 1.181)
2024-12-20T22:59:32.419+05:30  INFO 1592 --- [gcdemo] [   scheduling-1] c.javaperf.gcdemo.service.MemoryService  : Current memory list size: 1
2024-12-20T22:59:32.520+05:30  INFO 1592 --- [gcdemo] [   scheduling-1] c.javaperf.gcdemo.service.MemoryService  : Current memory list size: 2
2024-12-20T22:59:32.620+05:30  INFO 1592 --- [gcdemo] [   scheduling-1] c.javaperf.gcdemo.service.MemoryService  : Current memory list size: 3
2024-12-20T22:59:32.720+05:30  INFO 1592 --- [gcdemo] [   scheduling-1] c.javaperf.gcdemo.service.MemoryService  : Current memory list size: 4
2024-12-20T22:59:32.821+05:30  INFO 1592 --- [gcdemo] [   scheduling-1] c.javaperf.gcdemo.service.MemoryService  : Current memory list size: 5
]]></system-out>
    <system-err><![CDATA[WARNING: A Java agent has been loaded dynamically (/Users/vishalendupandey/.m2/repository/net/bytebuddy/byte-buddy-agent/1.14.19/byte-buddy-agent-1.14.19.jar)
WARNING: If a serviceability tool is in use, please run with -XX:+EnableDynamicAgentLoading to hide this warning
WARNING: If a serviceability tool is not in use, please run with -Djdk.instrument.traceUsage for more information
WARNING: Dynamic loading of agents will be disallowed by default in a future release
]]></system-err>
  </testcase>
</testsuite>